C51 COMPILER V7.50   KEY                                                                   06/06/2020 14:20:46 PAGE 1   


C51 COMPILER V7.50, COMPILATION OF MODULE KEY
OBJECT MODULE PLACED IN .\key.obj
COMPILER INVOKED BY: D:\p\keil2\C51\BIN\C51.EXE ..\code\key.c LARGE BROWSE DEBUG OBJECTEXTEND PRINT(.\key.lst) OBJECT(.\
                    -key.obj)

line level    source

   1          #include "include.h"
   2          
   3          INT8U KeyTime = 0;
   4          
   5          INT8U get_key(void)
   6          {
   7   1              //uchar tmp=0;
   8   1              SET_LINE1;
   9   1              SET_LINE2;
  10   1              CLR_LINE1;
  11   1        
  12   1              nop();
  13   1              if( ( STU_ROW1 == 0 ) && ( !KeyTime ) )
  14   1              {
  15   2                      KeyTime = KEY_DELAY;
  16   2                      return KEY_1;
  17   2              }
  18   1              else if( ( STU_ROW2 == 0 ) && ( !KeyTime ) )
  19   1              {
  20   2                      KeyTime = KEY_DELAY;
  21   2                      return KEY_2;
  22   2              }
  23   1        
  24   1              SET_LINE1;
  25   1              SET_LINE2;
  26   1              CLR_LINE2;
  27   1      
  28   1              nop();
  29   1              if( ( STU_ROW1 == 0 ) && ( !KeyTime ) )
  30   1              {
  31   2                      KeyTime = KEY_DELAY;
  32   2                      return KEY_3;
  33   2              }
  34   1              else if( ( STU_ROW2 == 0 ) && ( !KeyTime ) )
  35   1              {
  36   2                      KeyTime = KEY_DELAY;
  37   2                      return KEY_4;
  38   2              }  
  39   1        
  40   1              return 0; 
  41   1      }


MODULE INFORMATION:   STATIC OVERLAYABLE
   CODE SIZE        =     77    ----
   CONSTANT SIZE    =   ----    ----
   XDATA SIZE       =      1    ----
   PDATA SIZE       =   ----    ----
   DATA SIZE        =   ----    ----
   IDATA SIZE       =   ----    ----
   BIT SIZE         =   ----    ----
END OF MODULE INFORMATION.


C51 COMPILATION COMPLETE.  0 WARNING(S),  0 ERROR(S)
