C51 COMPILER V7.50   LCD12864                                                              06/06/2020 14:20:46 PAGE 1   


C51 COMPILER V7.50, COMPILATION OF MODULE LCD12864
OBJECT MODULE PLACED IN .\lcd12864.obj
COMPILER INVOKED BY: D:\p\keil2\C51\BIN\C51.EXE ..\code\lcd12864.c LARGE BROWSE DEBUG OBJECTEXTEND PRINT(.\lcd12864.lst)
                    - OBJECT(.\lcd12864.obj)

line level    source

   1          #include "include.h"
   2          
   3          #define DataPort P0
   4          
   5          sbit    RS=P3^3;
   6          sbit    RW=P3^2;
   7          sbit    EN=P3^5;
   8          
   9          
  10          void lcdDelay(unsigned int m)            //延时程序，微妙级
  11          {
  12   1          while(m--)
  13   1          {
  14   2              _nop_();
  15   2              _nop_();
  16   2              _nop_();
  17   2              _nop_();
  18   2              _nop_();
  19   2              _nop_();
  20   2          }
  21   1      }
  22          
  23          void lcdBuzy()
  24          {
  25   1          DataPort=0xff;
  26   1          RW=1;
  27   1          RS=0;
  28   1          EN=1;
  29   1          while(DataPort&0x80);
  30   1          EN=0;
  31   1      }
  32          
  33          void lcdTransferData(char data1,bit DI)  //传送数据或者命令,当DI=0,传送命令,当DI=1,传送数据.
  34          {
  35   1          lcdBuzy();
  36   1          RW=0;
  37   1          RS=DI;
  38   1          DataPort=data1;
  39   1          EN=1;
  40   1          EN=0;
  41   1      
  42   1      }
  43          
  44          
  45          
  46          void lcdDingwei(unsigned char line,unsigned char row)     //定位在哪行哪列显示
  47          {
  48   1          unsigned int i;
  49   1          switch(line)
  50   1          {
  51   2          case 1:  i=0x80+row;break;
  52   2          case 2:  i=0x90+row;break;
  53   2          case 3:  i=0x88+row;break;
  54   2          case 4:  i=0x98+row;break;
C51 COMPILER V7.50   LCD12864                                                              06/06/2020 14:20:46 PAGE 2   

  55   2          default: i=0x80;break;
  56   2      
  57   2          }
  58   1          lcdTransferData(i,0);
  59   1          lcdDelay(1);
  60   1      }
  61          
  62          void lcdMsg(unsigned char  *addr,unsigned char line,unsigned char row)    //传送一个字符串
  63          {
  64   1          lcdDingwei(line,row);
  65   1          while(*addr>0)
  66   1          {
  67   2              lcdTransferData(*addr,1);
  68   2              addr++;
  69   2          }
  70   1      
  71   1      
  72   1      }
  73          
  74          
  75          void lcdInitinal(void)           //LCD字库初始化程序
  76          {
  77   1          lcdTransferData(0x30,0);  //8BIT设置,RE=0: basic instruction set
  78   1          lcdTransferData(0x08,0);  //Display on Control
  79   1          lcdTransferData(0x10,0);  //Cursor Display Control光标设置
  80   1          lcdTransferData(0x0C,0);  //Display Control,D=1,显示开
  81   1          lcdTransferData(0x01,0);  //Display Clear
  82   1      }


MODULE INFORMATION:   STATIC OVERLAYABLE
   CODE SIZE        =    203    ----
   CONSTANT SIZE    =   ----    ----
   XDATA SIZE       =   ----       5
   PDATA SIZE       =   ----    ----
   DATA SIZE        =   ----    ----
   IDATA SIZE       =   ----    ----
   BIT SIZE         =   ----       1
END OF MODULE INFORMATION.


C51 COMPILATION COMPLETE.  0 WARNING(S),  0 ERROR(S)
