C51 COMPILER V7.50   UART                                                                  06/06/2020 14:20:47 PAGE 1   


C51 COMPILER V7.50, COMPILATION OF MODULE UART
OBJECT MODULE PLACED IN .\uart.obj
COMPILER INVOKED BY: D:\p\keil2\C51\BIN\C51.EXE ..\code\uart.c LARGE BROWSE DEBUG OBJECTEXTEND PRINT(.\uart.lst) OBJECT(
                    -.\uart.obj)

line level    source

   1          #include "include.h"
   2          
   3          INT8U  UartBuf[UART_MAX_LEN] = { 0 };
   4          INT8U UartCount = 0, UartLen = 0, UartStart = FALSE, UartComp = FALSE;
   5          
   6          /**********************************************************************
   7          functionName:putChar(BYTE sentData)
   8          description:通过串口发送数据sentData
   9          **********************************************************************/
  10          void send_byte( INT8U SendData )
  11          {
  12   1              ES = 0;
  13   1              TI = 0;
  14   1              SBUF = SendData;
  15   1              while( TI == 0 );
  16   1              TI = 0;
  17   1              ES = 1;
  18   1      }
  19          
  20          /*
  21          void send_bytes( INT8U *Buf, INT8U Len )
  22          {
  23                  while( Len-- )
  24                  {
  25                          send_byte( *Buf++ );    
  26                  }
  27          }
  28          */
  29          
  30          /**********************************************************************
  31          串口发送格式：fe  cmdlen  datalen cxx cxx dxx dxx dxx ... check
  32          **********************************************************************/
  33          void uart_interrupt_receive(void) interrupt 4
  34          {
  35   1              INT8U ReByte;
  36   1              if( RI == 1 )
  37   1              {
  38   2                      RI = 0;
  39   2                      UartWaitTime = 0;
  40   2                      ReByte = SBUF;
  41   2      
  42   2                      //send_byte( ReByte );
  43   2                      
  44   2                      if( ( UartStart == FALSE ) && ( ReByte == 0xFE ) )
  45   2                      {
  46   3                              UartStart = TRUE;
  47   3                              UartCount = 0;
  48   3                              UartLen = 255;
  49   3                      }
  50   2                      else if( UartStart == TRUE )
  51   2                      {
  52   3                              UartBuf[ UartCount++ ] = ReByte;
  53   3                              if( UartCount == 2 )
  54   3                              {
C51 COMPILER V7.50   UART                                                                  06/06/2020 14:20:47 PAGE 2   

  55   4                                      UartLen = UartBuf[0] + UartBuf[1] + 3;
  56   4                              }
  57   3                              else if( UartCount >= UartLen )
  58   3                              {
  59   4                                      UartComp = TRUE;
  60   4                              }
  61   3                              if( UartCount >= 45 )
  62   3                              {
  63   4                                      UartCount = 45;
  64   4                              }
  65   3                      }
  66   2              }
  67   1      }
  68          
  69          //UART0 initialize
  70          // desired baud rate: 9600
  71          // actual: baud rate:9600 (0.0%)
  72          // char size: 8 bit
  73          // parity: Disabled
  74          void init_uart(void)
  75          {
  76   1              SCON = 0x50;
  77   1              ES=1;
  78   1      }


MODULE INFORMATION:   STATIC OVERLAYABLE
   CODE SIZE        =    171    ----
   CONSTANT SIZE    =   ----    ----
   XDATA SIZE       =     54    ----
   PDATA SIZE       =   ----    ----
   DATA SIZE        =   ----    ----
   IDATA SIZE       =   ----    ----
   BIT SIZE         =   ----    ----
END OF MODULE INFORMATION.


C51 COMPILATION COMPLETE.  0 WARNING(S),  0 ERROR(S)
